<?xml version="1.0" encoding="UTF-8"?>
<!-- Generated by org.testng.reporters.JUnitReportReporter -->
<testsuite hostname="LAPTOP-O15LHT5K" failures="0" tests="2" name="com.ash.githubactions.DemoTest" time="14.401" errors="0" timestamp="2023-10-28T16:59:27 IST" skipped="0">
  <testcase classname="com.ash.githubactions.DemoTest" name="test1" time="7.846"/>
  <system-out/>
  <testcase classname="com.ash.githubactions.DemoTest" name="test2" time="6.555"/>
  <system-out/>
</testsuite> <!-- com.ash.githubactions.DemoTest -->
